<?xml version="1.0" encoding="UTF-8"?>
<!-- Generated by org.testng.reporters.JUnitReportReporter -->
<testsuite hostname="LOXNCDC0HK9RG&quot;" failures="0" tests="1" name="runners.RunnerTest" time="17.220" errors="0" timestamp="2022-04-22T15:32:29 CDT" skipped="0">
  <testcase classname="runners.RunnerTest" name="runScenario" time="17.220"/>
  <system-out/>
</testsuite> <!-- runners.RunnerTest -->
